Removed Pin From Net: NetName=GND Pin=CI1-1
Removed Pin From Net: NetName=+3V3 Pin=CI1-2
Removed Pin From Net: NetName=GND Pin=CI2-1
Removed Pin From Net: NetName=+3V3 Pin=CI2-2
Removed Pin From Net: NetName=+3V3 Pin=I2C1-1
Removed Pin From Net: NetName=GND Pin=I2C1-2
Removed Pin From Net: NetName=SCL1 Pin=I2C1-3
Removed Pin From Net: NetName=SDA1 Pin=I2C1-4
Removed Pin From Net: NetName=INT 3 Pin=I2C1-5
Removed Pin From Net: NetName=INT 4 Pin=I2C1-6
Removed Pin From Net: NetName=INT 5 Pin=I2C1-7
Removed Pin From Net: NetName=+3V3 Pin=IMU-1
Removed Pin From Net: NetName=SCL3 Pin=IMU-4
Removed Pin From Net: NetName=GND Pin=IMU-5
Removed Pin From Net: NetName=SDA3 Pin=IMU-6
Removed Pin From Net: NetName=SA_IMU Pin=IMU-7
Removed Pin From Net: NetName=GND Pin=IMU-8
Removed Pin From Net: NetName=INT 2 Pin=IMU-9
Removed Pin From Net: NetName=GND Pin=IMU-10
Removed Pin From Net: NetName=INT 1 Pin=IMU-11
Removed Pin From Net: NetName=GND Pin=IMU-12
Removed Pin From Net: NetName=GND Pin=IMU-13
Removed Pin From Net: NetName=+3V3 Pin=IMU-14
Removed Pin From Net: NetName=+3V3 Pin=IMU-15
Removed Pin From Net: NetName=GND Pin=IMU-16
Removed Pin From Net: NetName=INT 1 Pin=INT1-1
Removed Pin From Net: NetName=+3V3 Pin=INT1-2
Removed Pin From Net: NetName=INT 2 Pin=INT2-1
Removed Pin From Net: NetName=+3V3 Pin=INT2-2
Removed Pin From Net: NetName=GND Pin=PROG-4
Removed Pin From Net: NetName=SA_IMU Pin=RIMU-1
Removed Pin From Net: NetName=GND Pin=RIMU-2
Removed Pin From Net: NetName=SCL1 Pin=SC1-1
Removed Pin From Net: NetName=+3V3 Pin=SC1-2
Removed Pin From Net: NetName=SCL3 Pin=SC3-1
Removed Pin From Net: NetName=+3V3 Pin=SC3-2
Removed Pin From Net: NetName=SDA1 Pin=SD1-1
Removed Pin From Net: NetName=+3V3 Pin=SD1-2
Removed Pin From Net: NetName=SDA3 Pin=SD3-1
Removed Pin From Net: NetName=+3V3 Pin=SD3-2
Removed Pin From Net: NetName=+3V3 Pin=UART-1
Removed Pin From Net: NetName=GND Pin=UART-2
Removed Pin From Net: NetName=RX Pin=UART-3
Removed Pin From Net: NetName=TX Pin=UART-4
Removed Pin From Net: NetName=INT 3 Pin=UART-5
Removed Member From Class: ClassName=Sheet1 Member=CI1
Removed Member From Class: ClassName=Sheet1 Member=CI2
Removed Member From Class: ClassName=Sheet1 Member=I2C1
Removed Member From Class: ClassName=Sheet1 Member=IMU
Removed Member From Class: ClassName=Sheet1 Member=INT1
Removed Member From Class: ClassName=Sheet1 Member=INT2
Removed Member From Class: ClassName=Sheet1 Member=RIMU
Removed Member From Class: ClassName=Sheet1 Member=SC1
Removed Member From Class: ClassName=Sheet1 Member=SC3
Removed Member From Class: ClassName=Sheet1 Member=SD1
Removed Member From Class: ClassName=Sheet1 Member=SD3
Removed Member From Class: ClassName=Sheet1 Member=UART
Change Component Footprint: Designator=PROG Old Footprint=HDR1X4 New Footprint=HDR1X5
Change Component Comment : Designator=C_V1 Old Comment=2.2uf New Comment=4.7uf
Added Component: Designator=LoRa(HDR1X6)
Add component (AddParameter): Name = "LatestRevisionDate"; Value = "17-Jul-2002"; VariantName = "[No Variations]"
Add component (AddParameter): Name = "LatestRevisionNote"; Value = "Re-released for DXP Platform."; VariantName = "[No Variations]"
Add component (AddParameter): Name = "Publisher"; Value = "Altium Limited"; VariantName = "[No Variations]"
Added Component: Designator=LR1(FP-RC0603-0_55-IPC_C)
Add component (AddParameter): Name = "Case Code (Imperial)"; Value = "0603"; VariantName = "[No Variations]"
Add component (AddParameter): Name = "Case Code (Metric)"; Value = "1608"; VariantName = "[No Variations]"
Add component (AddParameter): Name = "Case/Package"; Value = "0603"; VariantName = "[No Variations]"
Add component (AddParameter): Name = "Construction"; Value = "Rectangular"; VariantName = "[No Variations]"
Add component (AddParameter): Name = "Depth"; Value = "0.8mm"; VariantName = "[No Variations]"
Add component (AddParameter): Name = "Features"; Value = "Moisture Resistant"; VariantName = "[No Variations]"
Add component (AddParameter): Name = "Height"; Value = "0.45mm"; VariantName = "[No Variations]"
Add component (AddParameter): Name = "Lead Free"; Value = "Lead Free"; VariantName = "[No Variations]"
Add component (AddParameter): Name = "Lead Pitch"; Value = "0.3mm"; VariantName = "[No Variations]"
Add component (AddParameter): Name = "Length"; Value = "1.6mm"; VariantName = "[No Variations]"
Add component (AddParameter): Name = "Max Operating Temperature"; Value = "155°C"; VariantName = "[No Variations]"
Add component (AddParameter): Name = "Max Power Dissipation"; Value = "100mW"; VariantName = "[No Variations]"
Add component (AddParameter): Name = "Military Standard"; Value = "Not"; VariantName = "[No Variations]"
Add component (AddParameter): Name = "Min Operating Temperature"; Value = "-55°C"; VariantName = "[No Variations]"
Add component (AddParameter): Name = "Number of Pins"; Value = "2"; VariantName = "[No Variations]"
Add component (AddParameter): Name = "Number of Terminations"; Value = "2"; VariantName = "[No Variations]"
Add component (AddParameter): Name = "Packaging"; Value = "Tape and Reel"; VariantName = "[No Variations]"
Add component (AddParameter): Name = "Power Rating"; Value = "100mW"; VariantName = "[No Variations]"
Add component (AddParameter): Name = "Resistance"; Value = "10kR"; VariantName = "[No Variations]"
Add component (AddParameter): Name = "Resistance Tolerance"; Value = "1%"; VariantName = "[No Variations]"
Add component (AddParameter): Name = "Resistor Type"; Value = "Thick Film"; VariantName = "[No Variations]"
Add component (AddParameter): Name = "RoHS Compliant"; Value = "Yes"; VariantName = "[No Variations]"
Add component (AddParameter): Name = "Series"; Value = "RC"; VariantName = "[No Variations]"
Add component (AddParameter): Name = "Size Code"; Value = "0603"; VariantName = "[No Variations]"
Add component (AddParameter): Name = "Temperature Coefficient"; Value = "100ppm/°C"; VariantName = "[No Variations]"
Add component (AddParameter): Name = "Termination"; Value = "SMD/SMT"; VariantName = "[No Variations]"
Add component (AddParameter): Name = "Tolerance"; Value = "1%"; VariantName = "[No Variations]"
Add component (AddParameter): Name = "Voltage Rating"; Value = "75V"; VariantName = "[No Variations]"
Add component (AddParameter): Name = "Voltage Rating (DC)"; Value = "50V"; VariantName = "[No Variations]"
Add component (AddParameter): Name = "Weight"; Value = "7.1E-05oz"; VariantName = "[No Variations]"
Add component (AddParameter): Name = "Width"; Value = "0.8mm"; VariantName = "[No Variations]"
Added Component: Designator=LR2(FP-RC0603-0_55-IPC_C)
Add component (AddParameter): Name = "Case Code (Imperial)"; Value = "0603"; VariantName = "[No Variations]"
Add component (AddParameter): Name = "Case Code (Metric)"; Value = "1608"; VariantName = "[No Variations]"
Add component (AddParameter): Name = "Case/Package"; Value = "0603"; VariantName = "[No Variations]"
Add component (AddParameter): Name = "Construction"; Value = "Rectangular"; VariantName = "[No Variations]"
Add component (AddParameter): Name = "Depth"; Value = "0.8mm"; VariantName = "[No Variations]"
Add component (AddParameter): Name = "Features"; Value = "Moisture Resistant"; VariantName = "[No Variations]"
Add component (AddParameter): Name = "Height"; Value = "0.45mm"; VariantName = "[No Variations]"
Add component (AddParameter): Name = "Lead Free"; Value = "Lead Free"; VariantName = "[No Variations]"
Add component (AddParameter): Name = "Lead Pitch"; Value = "0.3mm"; VariantName = "[No Variations]"
Add component (AddParameter): Name = "Length"; Value = "1.6mm"; VariantName = "[No Variations]"
Add component (AddParameter): Name = "Max Operating Temperature"; Value = "155°C"; VariantName = "[No Variations]"
Add component (AddParameter): Name = "Max Power Dissipation"; Value = "100mW"; VariantName = "[No Variations]"
Add component (AddParameter): Name = "Military Standard"; Value = "Not"; VariantName = "[No Variations]"
Add component (AddParameter): Name = "Min Operating Temperature"; Value = "-55°C"; VariantName = "[No Variations]"
Add component (AddParameter): Name = "Number of Pins"; Value = "2"; VariantName = "[No Variations]"
Add component (AddParameter): Name = "Number of Terminations"; Value = "2"; VariantName = "[No Variations]"
Add component (AddParameter): Name = "Packaging"; Value = "Tape and Reel"; VariantName = "[No Variations]"
Add component (AddParameter): Name = "Power Rating"; Value = "100mW"; VariantName = "[No Variations]"
Add component (AddParameter): Name = "Resistance"; Value = "10kR"; VariantName = "[No Variations]"
Add component (AddParameter): Name = "Resistance Tolerance"; Value = "1%"; VariantName = "[No Variations]"
Add component (AddParameter): Name = "Resistor Type"; Value = "Thick Film"; VariantName = "[No Variations]"
Add component (AddParameter): Name = "RoHS Compliant"; Value = "Yes"; VariantName = "[No Variations]"
Add component (AddParameter): Name = "Series"; Value = "RC"; VariantName = "[No Variations]"
Add component (AddParameter): Name = "Size Code"; Value = "0603"; VariantName = "[No Variations]"
Add component (AddParameter): Name = "Temperature Coefficient"; Value = "100ppm/°C"; VariantName = "[No Variations]"
Add component (AddParameter): Name = "Termination"; Value = "SMD/SMT"; VariantName = "[No Variations]"
Add component (AddParameter): Name = "Tolerance"; Value = "1%"; VariantName = "[No Variations]"
Add component (AddParameter): Name = "Voltage Rating"; Value = "75V"; VariantName = "[No Variations]"
Add component (AddParameter): Name = "Voltage Rating (DC)"; Value = "50V"; VariantName = "[No Variations]"
Add component (AddParameter): Name = "Weight"; Value = "7.1E-05oz"; VariantName = "[No Variations]"
Add component (AddParameter): Name = "Width"; Value = "0.8mm"; VariantName = "[No Variations]"
Added Component: Designator=LR3(FP-RC0603-0_55-IPC_C)
Add component (AddParameter): Name = "Case Code (Imperial)"; Value = "0603"; VariantName = "[No Variations]"
Add component (AddParameter): Name = "Case Code (Metric)"; Value = "1608"; VariantName = "[No Variations]"
Add component (AddParameter): Name = "Case/Package"; Value = "0603"; VariantName = "[No Variations]"
Add component (AddParameter): Name = "Construction"; Value = "Rectangular"; VariantName = "[No Variations]"
Add component (AddParameter): Name = "Depth"; Value = "0.8mm"; VariantName = "[No Variations]"
Add component (AddParameter): Name = "Features"; Value = "Moisture Resistant"; VariantName = "[No Variations]"
Add component (AddParameter): Name = "Height"; Value = "0.45mm"; VariantName = "[No Variations]"
Add component (AddParameter): Name = "Lead Free"; Value = "Lead Free"; VariantName = "[No Variations]"
Add component (AddParameter): Name = "Lead Pitch"; Value = "0.3mm"; VariantName = "[No Variations]"
Add component (AddParameter): Name = "Length"; Value = "1.6mm"; VariantName = "[No Variations]"
Add component (AddParameter): Name = "Max Operating Temperature"; Value = "155°C"; VariantName = "[No Variations]"
Add component (AddParameter): Name = "Max Power Dissipation"; Value = "100mW"; VariantName = "[No Variations]"
Add component (AddParameter): Name = "Military Standard"; Value = "Not"; VariantName = "[No Variations]"
Add component (AddParameter): Name = "Min Operating Temperature"; Value = "-55°C"; VariantName = "[No Variations]"
Add component (AddParameter): Name = "Number of Pins"; Value = "2"; VariantName = "[No Variations]"
Add component (AddParameter): Name = "Number of Terminations"; Value = "2"; VariantName = "[No Variations]"
Add component (AddParameter): Name = "Packaging"; Value = "Tape and Reel"; VariantName = "[No Variations]"
Add component (AddParameter): Name = "Power Rating"; Value = "100mW"; VariantName = "[No Variations]"
Add component (AddParameter): Name = "Resistance"; Value = "10kR"; VariantName = "[No Variations]"
Add component (AddParameter): Name = "Resistance Tolerance"; Value = "1%"; VariantName = "[No Variations]"
Add component (AddParameter): Name = "Resistor Type"; Value = "Thick Film"; VariantName = "[No Variations]"
Add component (AddParameter): Name = "RoHS Compliant"; Value = "Yes"; VariantName = "[No Variations]"
Add component (AddParameter): Name = "Series"; Value = "RC"; VariantName = "[No Variations]"
Add component (AddParameter): Name = "Size Code"; Value = "0603"; VariantName = "[No Variations]"
Add component (AddParameter): Name = "Temperature Coefficient"; Value = "100ppm/°C"; VariantName = "[No Variations]"
Add component (AddParameter): Name = "Termination"; Value = "SMD/SMT"; VariantName = "[No Variations]"
Add component (AddParameter): Name = "Tolerance"; Value = "1%"; VariantName = "[No Variations]"
Add component (AddParameter): Name = "Voltage Rating"; Value = "75V"; VariantName = "[No Variations]"
Add component (AddParameter): Name = "Voltage Rating (DC)"; Value = "50V"; VariantName = "[No Variations]"
Add component (AddParameter): Name = "Weight"; Value = "7.1E-05oz"; VariantName = "[No Variations]"
Add component (AddParameter): Name = "Width"; Value = "0.8mm"; VariantName = "[No Variations]"
Added Pin To Net: NetName=+3V3 Pin=LoRa-1
Added Pin To Net: NetName=RX Pin=LoRa-4
Added Pin To Net: NetName=GND Pin=LoRa-6
Added Pin To Net: NetName=+3V3 Pin=LR1-1
Added Pin To Net: NetName=GND Pin=LR2-1
Added Pin To Net: NetName=TX Pin=LR3-1
Added Pin To Net: NetName=+3V3 Pin=PROG-4
Added Pin To Net: NetName=GND Pin=PROG-5
Added Pin To Net: NetName=NetLoRa_2 Pin=LoRa-2
Added Pin To Net: NetName=NetLoRa_2 Pin=LR1-2
Added Net: Name=NetLoRa_2
Added Pin To Net: NetName=NetLoRa_3 Pin=LoRa-3
Added Pin To Net: NetName=NetLoRa_3 Pin=LR2-2
Added Pin To Net: NetName=NetLoRa_3 Pin=LR3-2
Added Net: Name=NetLoRa_3
Added Member To Class: ClassName=Sheet1 Member=Component LoRa Header 6
Added Member To Class: ClassName=Sheet1 Member=Component LR1 10K
Added Member To Class: ClassName=Sheet1 Member=Component LR2 10K
Added Member To Class: ClassName=Sheet1 Member=Component LR3 4.7K
Added Room: Name=Sheet1
