Removed Pin From Net: NetName=+3V3 Pin=I2C1-1
Removed Pin From Net: NetName=GND Pin=I2C1-2
Removed Pin From Net: NetName=SCL1 Pin=I2C1-3
Removed Pin From Net: NetName=SDA1 Pin=I2C1-4
Removed Pin From Net: NetName=INT 3 Pin=I2C1-5
Removed Pin From Net: NetName=INT 4 Pin=I2C1-6
Removed Pin From Net: NetName=INT 5 Pin=I2C1-7
Removed Member From Class: ClassName=Sheet1 Member=I2C1
Added Component: Designator=MPU(HDR1X6)
Add component (AddParameter): Name = "LatestRevisionDate"; Value = "17-Jul-2002"; VariantName = "[No Variations]"
Add component (AddParameter): Name = "LatestRevisionNote"; Value = "Re-released for DXP Platform."; VariantName = "[No Variations]"
Add component (AddParameter): Name = "Publisher"; Value = "Altium Limited"; VariantName = "[No Variations]"
Added Pin To Net: NetName=+3V3 Pin=MPU-1
Added Pin To Net: NetName=GND Pin=MPU-2
Added Pin To Net: NetName=SCL1 Pin=MPU-3
Added Pin To Net: NetName=SDA1 Pin=MPU-4
Added Pin To Net: NetName=INT 3 Pin=MPU-5
Added Pin To Net: NetName=INT 4 Pin=MPU-6
Added Member To Class: ClassName=Sheet1 Member=Component MPU Header 6
Added Room: Name=Sheet1
